Aug 17, 2012 1:37:48 AM org.apache.solr.core.SolrResourceLoader locateSolrHome
INFO: JNDI not configured for solr (NoInitialContextEx)
Aug 17, 2012 1:37:48 AM org.apache.solr.core.SolrResourceLoader locateSolrHome
INFO: using system property solr.solr.home: /home/mhosny/rails_pro/AutoTagger/solr
Aug 17, 2012 1:37:48 AM org.apache.solr.core.SolrResourceLoader <init>
INFO: Solr home set to '/home/mhosny/rails_pro/AutoTagger/solr/'
Aug 17, 2012 1:37:50 AM org.apache.solr.servlet.SolrDispatchFilter init
INFO: SolrDispatchFilter.init()
Aug 17, 2012 1:37:50 AM org.apache.solr.core.SolrResourceLoader locateSolrHome
INFO: JNDI not configured for solr (NoInitialContextEx)
Aug 17, 2012 1:37:50 AM org.apache.solr.core.SolrResourceLoader locateSolrHome
INFO: using system property solr.solr.home: /home/mhosny/rails_pro/AutoTagger/solr
Aug 17, 2012 1:37:50 AM org.apache.solr.core.CoreContainer$Initializer initialize
INFO: looking for solr.xml: /home/mhosny/rails_pro/AutoTagger/solr/solr.xml
Aug 17, 2012 1:37:50 AM org.apache.solr.core.SolrResourceLoader <init>
INFO: Solr home set to '/home/mhosny/rails_pro/AutoTagger/solr/'
Aug 17, 2012 1:37:50 AM org.apache.solr.core.SolrConfig initLibs
INFO: Adding specified lib dirs to ClassLoader
Aug 17, 2012 1:37:51 AM org.apache.solr.core.SolrConfig <init>
INFO: Loaded SolrConfig: solrconfig.xml
Aug 17, 2012 1:37:51 AM org.apache.solr.core.SolrCore <init>
INFO: Opening new SolrCore at /home/mhosny/rails_pro/AutoTagger/solr/, dataDir=/home/mhosny/rails_pro/AutoTagger/solr/data/development/
Aug 17, 2012 1:37:51 AM org.apache.solr.schema.IndexSchema readSchema
INFO: Reading Solr Schema
Aug 17, 2012 1:37:51 AM org.apache.solr.schema.IndexSchema readSchema
INFO: Schema name=sunspot
Aug 17, 2012 1:37:51 AM org.apache.solr.util.plugin.AbstractPluginLoader load
INFO: created string: org.apache.solr.schema.StrField
Aug 17, 2012 1:37:51 AM org.apache.solr.util.plugin.AbstractPluginLoader load
INFO: created tdouble: org.apache.solr.schema.TrieDoubleField
Aug 17, 2012 1:37:51 AM org.apache.solr.util.plugin.AbstractPluginLoader load
INFO: created rand: org.apache.solr.schema.RandomSortField
Aug 17, 2012 1:37:51 AM org.apache.solr.util.plugin.AbstractPluginLoader load
INFO: created null: org.apache.solr.analysis.StandardTokenizerFactory
Aug 17, 2012 1:37:51 AM org.apache.solr.util.plugin.AbstractPluginLoader load
INFO: created null: org.apache.solr.analysis.StandardFilterFactory
Aug 17, 2012 1:37:51 AM org.apache.solr.util.plugin.AbstractPluginLoader load
INFO: created null: org.apache.solr.analysis.LowerCaseFilterFactory
Aug 17, 2012 1:37:51 AM org.apache.solr.util.plugin.AbstractPluginLoader load
INFO: created text: org.apache.solr.schema.TextField
Aug 17, 2012 1:37:51 AM org.apache.solr.util.plugin.AbstractPluginLoader load
INFO: created boolean: org.apache.solr.schema.BoolField
Aug 17, 2012 1:37:51 AM org.apache.solr.util.plugin.AbstractPluginLoader load
INFO: created date: org.apache.solr.schema.DateField
Aug 17, 2012 1:37:51 AM org.apache.solr.util.plugin.AbstractPluginLoader load
INFO: created sdouble: org.apache.solr.schema.SortableDoubleField
Aug 17, 2012 1:37:51 AM org.apache.solr.util.plugin.AbstractPluginLoader load
INFO: created sfloat: org.apache.solr.schema.SortableFloatField
Aug 17, 2012 1:37:51 AM org.apache.solr.util.plugin.AbstractPluginLoader load
INFO: created sint: org.apache.solr.schema.SortableIntField
Aug 17, 2012 1:37:51 AM org.apache.solr.util.plugin.AbstractPluginLoader load
INFO: created slong: org.apache.solr.schema.SortableLongField
Aug 17, 2012 1:37:51 AM org.apache.solr.util.plugin.AbstractPluginLoader load
INFO: created tint: org.apache.solr.schema.TrieIntField
Aug 17, 2012 1:37:51 AM org.apache.solr.util.plugin.AbstractPluginLoader load
INFO: created tfloat: org.apache.solr.schema.TrieFloatField
Aug 17, 2012 1:37:51 AM org.apache.solr.util.plugin.AbstractPluginLoader load
INFO: created tdate: org.apache.solr.schema.TrieDateField
Aug 17, 2012 1:37:51 AM org.apache.solr.schema.IndexSchema readSchema
INFO: default search field is text
Aug 17, 2012 1:37:51 AM org.apache.solr.schema.IndexSchema readSchema
INFO: query parser default operator is AND
Aug 17, 2012 1:37:51 AM org.apache.solr.schema.IndexSchema readSchema
INFO: unique key field: id
Aug 17, 2012 1:37:51 AM org.apache.solr.core.JmxMonitoredMap <init>
INFO: No JMX servers found, not exposing Solr information with JMX.
Aug 17, 2012 1:37:51 AM org.apache.solr.core.SolrCore initListeners
INFO: Added SolrEventListener: org.apache.solr.core.QuerySenderListener{queries=[]}
Aug 17, 2012 1:37:51 AM org.apache.solr.core.SolrCore initListeners
INFO: Added SolrEventListener: org.apache.solr.core.QuerySenderListener{queries=[{q=solr rocks,start=0,rows=10}, {q=static firstSearcher warming query from solrconfig.xml}]}
Aug 17, 2012 1:37:51 AM org.apache.solr.request.XSLTResponseWriter init
INFO: xsltCacheLifetimeSeconds=5
Aug 17, 2012 1:37:51 AM org.apache.solr.core.RequestHandlers initHandlersFromConfig
INFO: created standard: solr.SearchHandler
Aug 17, 2012 1:37:51 AM org.apache.solr.core.RequestHandlers initHandlersFromConfig
INFO: created dismax: solr.SearchHandler
Aug 17, 2012 1:37:51 AM org.apache.solr.core.RequestHandlers initHandlersFromConfig
INFO: created partitioned: solr.SearchHandler
Aug 17, 2012 1:37:51 AM org.apache.solr.core.RequestHandlers initHandlersFromConfig
INFO: created /spell: solr.SearchHandler
Aug 17, 2012 1:37:51 AM org.apache.solr.core.RequestHandlers initHandlersFromConfig
INFO: created tvrh: org.apache.solr.handler.component.SearchHandler
Aug 17, 2012 1:37:51 AM org.apache.solr.core.RequestHandlers initHandlersFromConfig
INFO: adding lazy requestHandler: org.apache.solr.handler.extraction.ExtractingRequestHandler
Aug 17, 2012 1:37:51 AM org.apache.solr.core.RequestHandlers initHandlersFromConfig
INFO: created /update/extract: org.apache.solr.handler.extraction.ExtractingRequestHandler
Aug 17, 2012 1:37:51 AM org.apache.solr.core.RequestHandlers initHandlersFromConfig
INFO: created /terms: org.apache.solr.handler.component.SearchHandler
Aug 17, 2012 1:37:51 AM org.apache.solr.core.RequestHandlers initHandlersFromConfig
INFO: adding lazy requestHandler: solr.SearchHandler
Aug 17, 2012 1:37:51 AM org.apache.solr.core.RequestHandlers initHandlersFromConfig
INFO: created /elevate: solr.SearchHandler
Aug 17, 2012 1:37:51 AM org.apache.solr.core.RequestHandlers initHandlersFromConfig
INFO: created /update: solr.XmlUpdateRequestHandler
Aug 17, 2012 1:37:51 AM org.apache.solr.core.RequestHandlers initHandlersFromConfig
INFO: created /update/javabin: solr.BinaryUpdateRequestHandler
Aug 17, 2012 1:37:51 AM org.apache.solr.core.RequestHandlers initHandlersFromConfig
INFO: created /analysis/document: solr.DocumentAnalysisRequestHandler
Aug 17, 2012 1:37:51 AM org.apache.solr.core.RequestHandlers initHandlersFromConfig
INFO: created /analysis/field: solr.FieldAnalysisRequestHandler
Aug 17, 2012 1:37:51 AM org.apache.solr.core.RequestHandlers initHandlersFromConfig
INFO: adding lazy requestHandler: solr.CSVRequestHandler
Aug 17, 2012 1:37:51 AM org.apache.solr.core.RequestHandlers initHandlersFromConfig
INFO: created /update/csv: solr.CSVRequestHandler
Aug 17, 2012 1:37:51 AM org.apache.solr.core.RequestHandlers initHandlersFromConfig
INFO: created /admin/: org.apache.solr.handler.admin.AdminHandlers
Aug 17, 2012 1:37:51 AM org.apache.solr.core.RequestHandlers initHandlersFromConfig
INFO: created /admin/ping: PingRequestHandler
Aug 17, 2012 1:37:51 AM org.apache.solr.core.RequestHandlers initHandlersFromConfig
INFO: created /debug/dump: solr.DumpRequestHandler
Aug 17, 2012 1:37:51 AM org.apache.solr.core.RequestHandlers initHandlersFromConfig
INFO: created /mlt: solr.MoreLikeThisHandler
Aug 17, 2012 1:37:51 AM org.apache.solr.search.SolrIndexSearcher <init>
INFO: Opening Searcher@6a510e39 main
Aug 17, 2012 1:37:51 AM org.apache.solr.update.DirectUpdateHandler2$CommitTracker <init>
INFO: AutoCommit: disabled
Aug 17, 2012 1:37:51 AM org.apache.solr.handler.component.SpellCheckComponent inform
INFO: Initializing spell checkers
Aug 17, 2012 1:37:51 AM org.apache.solr.spelling.AbstractLuceneSpellChecker init
INFO: Using WhitespaceAnalzyer for dictionary: default
Aug 17, 2012 1:37:51 AM org.apache.solr.handler.component.SpellCheckComponent inform
WARNING: No queryConverter defined, using default converter
Aug 17, 2012 1:37:51 AM org.apache.solr.handler.component.QueryElevationComponent inform
INFO: Loading QueryElevation from: /home/mhosny/rails_pro/AutoTagger/solr/conf/elevate.xml
Aug 17, 2012 1:37:51 AM org.apache.solr.handler.component.SearchHandler inform
INFO: Adding  component:org.apache.solr.handler.component.QueryComponent@41021f34
Aug 17, 2012 1:37:51 AM org.apache.solr.handler.component.SearchHandler inform
INFO: Adding  component:org.apache.solr.handler.component.FacetComponent@724eb043
Aug 17, 2012 1:37:51 AM org.apache.solr.handler.component.SearchHandler inform
INFO: Adding  component:org.apache.solr.handler.component.MoreLikeThisComponent@c163956
Aug 17, 2012 1:37:51 AM org.apache.solr.handler.component.SearchHandler inform
INFO: Adding  component:org.apache.solr.handler.component.HighlightComponent@70e434d
Aug 17, 2012 1:37:51 AM org.apache.solr.handler.component.SearchHandler inform
INFO: Adding  component:org.apache.solr.handler.component.StatsComponent@396477d9
Aug 17, 2012 1:37:51 AM org.apache.solr.handler.component.SearchHandler inform
INFO: Adding  debug component:org.apache.solr.handler.component.DebugComponent@72f864fe
Aug 17, 2012 1:37:51 AM org.apache.solr.handler.component.SearchHandler inform
INFO: Adding  component:org.apache.solr.handler.component.QueryComponent@41021f34
Aug 17, 2012 1:37:51 AM org.apache.solr.handler.component.SearchHandler inform
INFO: Adding  component:org.apache.solr.handler.component.FacetComponent@724eb043
Aug 17, 2012 1:37:51 AM org.apache.solr.handler.component.SearchHandler inform
INFO: Adding  component:org.apache.solr.handler.component.MoreLikeThisComponent@c163956
Aug 17, 2012 1:37:51 AM org.apache.solr.handler.component.SearchHandler inform
INFO: Adding  component:org.apache.solr.handler.component.HighlightComponent@70e434d
Aug 17, 2012 1:37:51 AM org.apache.solr.handler.component.SearchHandler inform
INFO: Adding  component:org.apache.solr.handler.component.StatsComponent@396477d9
Aug 17, 2012 1:37:51 AM org.apache.solr.handler.component.SearchHandler inform
INFO: Adding  debug component:org.apache.solr.handler.component.DebugComponent@72f864fe
Aug 17, 2012 1:37:51 AM org.apache.solr.handler.component.SearchHandler inform
INFO: Adding  component:org.apache.solr.handler.component.QueryComponent@41021f34
Aug 17, 2012 1:37:51 AM org.apache.solr.handler.component.SearchHandler inform
INFO: Adding  component:org.apache.solr.handler.component.FacetComponent@724eb043
Aug 17, 2012 1:37:51 AM org.apache.solr.handler.component.SearchHandler inform
INFO: Adding  component:org.apache.solr.handler.component.MoreLikeThisComponent@c163956
Aug 17, 2012 1:37:51 AM org.apache.solr.handler.component.SearchHandler inform
INFO: Adding  component:org.apache.solr.handler.component.HighlightComponent@70e434d
Aug 17, 2012 1:37:51 AM org.apache.solr.handler.component.SearchHandler inform
INFO: Adding  component:org.apache.solr.handler.component.StatsComponent@396477d9
Aug 17, 2012 1:37:51 AM org.apache.solr.handler.component.SearchHandler inform
INFO: Adding  debug component:org.apache.solr.handler.component.DebugComponent@72f864fe
Aug 17, 2012 1:37:51 AM org.apache.solr.handler.component.SearchHandler inform
INFO: Adding  component:org.apache.solr.handler.component.QueryComponent@41021f34
Aug 17, 2012 1:37:51 AM org.apache.solr.handler.component.SearchHandler inform
INFO: Adding  component:org.apache.solr.handler.component.FacetComponent@724eb043
Aug 17, 2012 1:37:51 AM org.apache.solr.handler.component.SearchHandler inform
INFO: Adding  component:org.apache.solr.handler.component.MoreLikeThisComponent@c163956
Aug 17, 2012 1:37:51 AM org.apache.solr.handler.component.SearchHandler inform
INFO: Adding  component:org.apache.solr.handler.component.HighlightComponent@70e434d
Aug 17, 2012 1:37:51 AM org.apache.solr.handler.component.SearchHandler inform
INFO: Adding  component:org.apache.solr.handler.component.StatsComponent@396477d9
Aug 17, 2012 1:37:51 AM org.apache.solr.handler.component.SearchHandler inform
INFO: Adding  component:org.apache.solr.handler.component.SpellCheckComponent@11ae9aaa
Aug 17, 2012 1:37:51 AM org.apache.solr.handler.component.SearchHandler inform
INFO: Adding  debug component:org.apache.solr.handler.component.DebugComponent@72f864fe
Aug 17, 2012 1:37:51 AM org.apache.solr.handler.component.SearchHandler inform
INFO: Adding  component:org.apache.solr.handler.component.QueryComponent@41021f34
Aug 17, 2012 1:37:51 AM org.apache.solr.handler.component.SearchHandler inform
INFO: Adding  component:org.apache.solr.handler.component.FacetComponent@724eb043
Aug 17, 2012 1:37:51 AM org.apache.solr.handler.component.SearchHandler inform
INFO: Adding  component:org.apache.solr.handler.component.MoreLikeThisComponent@c163956
Aug 17, 2012 1:37:51 AM org.apache.solr.handler.component.SearchHandler inform
INFO: Adding  component:org.apache.solr.handler.component.HighlightComponent@70e434d
Aug 17, 2012 1:37:51 AM org.apache.solr.handler.component.SearchHandler inform
INFO: Adding  component:org.apache.solr.handler.component.StatsComponent@396477d9
Aug 17, 2012 1:37:51 AM org.apache.solr.handler.component.SearchHandler inform
INFO: Adding  component:org.apache.solr.handler.component.TermVectorComponent@5e2c17f7
Aug 17, 2012 1:37:51 AM org.apache.solr.handler.component.SearchHandler inform
INFO: Adding  debug component:org.apache.solr.handler.component.DebugComponent@72f864fe
Aug 17, 2012 1:37:51 AM org.apache.solr.handler.component.SearchHandler inform
INFO: Adding  component:org.apache.solr.handler.component.TermsComponent@20d9896e
Aug 17, 2012 1:37:51 AM org.apache.solr.core.QuerySenderListener newSearcher
INFO: QuerySenderListener sending requests to Searcher@6a510e39 main
Aug 17, 2012 1:37:51 AM org.apache.solr.core.CoreContainer register
INFO: registering core: 
Aug 17, 2012 1:37:51 AM org.apache.solr.servlet.SolrDispatchFilter init
INFO: user.dir=/home/mhosny/.rvm/gems/ruby-1.9.3-p194/gems/sunspot_solr-1.3.3/solr
Aug 17, 2012 1:37:51 AM org.apache.solr.servlet.SolrDispatchFilter init
INFO: SolrDispatchFilter.init() done
Aug 17, 2012 1:37:51 AM org.apache.solr.core.SolrCore execute
INFO: [] webapp=null path=null params={start=0&event=firstSearcher&q=solr+rocks&rows=10} hits=0 status=0 QTime=57 
Aug 17, 2012 1:37:51 AM org.apache.solr.core.SolrCore execute
INFO: [] webapp=null path=null params={event=firstSearcher&q=static+firstSearcher+warming+query+from+solrconfig.xml} hits=0 status=0 QTime=2 
Aug 17, 2012 1:37:51 AM org.apache.solr.core.QuerySenderListener newSearcher
INFO: QuerySenderListener done.
Aug 17, 2012 1:37:51 AM org.apache.solr.handler.component.SpellCheckComponent$SpellCheckerListener newSearcher
INFO: Loading spell index for spellchecker: default
Aug 17, 2012 1:37:51 AM org.apache.solr.core.SolrCore registerSearcher
INFO: [] Registered new searcher Searcher@6a510e39 main
Aug 17, 2012 1:37:51 AM org.apache.solr.servlet.SolrServlet init
INFO: SolrServlet.init()
Aug 17, 2012 1:37:51 AM org.apache.solr.core.SolrResourceLoader locateSolrHome
INFO: JNDI not configured for solr (NoInitialContextEx)
Aug 17, 2012 1:37:51 AM org.apache.solr.core.SolrResourceLoader locateSolrHome
INFO: using system property solr.solr.home: /home/mhosny/rails_pro/AutoTagger/solr
Aug 17, 2012 1:37:51 AM org.apache.solr.servlet.SolrServlet init
INFO: SolrServlet.init() done
Aug 17, 2012 1:37:51 AM org.apache.solr.core.SolrResourceLoader locateSolrHome
INFO: JNDI not configured for solr (NoInitialContextEx)
Aug 17, 2012 1:37:51 AM org.apache.solr.core.SolrResourceLoader locateSolrHome
INFO: using system property solr.solr.home: /home/mhosny/rails_pro/AutoTagger/solr
Aug 17, 2012 1:37:51 AM org.apache.solr.servlet.SolrUpdateServlet init
INFO: SolrUpdateServlet.init() done
Aug 17, 2012 1:41:25 AM org.apache.solr.core.SolrCore execute
INFO: [] webapp=/solr path=/select params={mm=1&fl=*+score&start=0&q=تطبيقات+تفاعليه&qf=page_title_text&wt=ruby&fq=type:SolarPage&defType=dismax&rows=10000} hits=3 status=0 QTime=33 
Aug 17, 2012 1:42:41 AM org.apache.solr.core.SolrCore execute
INFO: [] webapp=/solr path=/select params={mm=1&fl=*+score&start=0&q=تطبيقات+تفاعليه&qf=page_title_text&wt=ruby&fq=type:SolarPage&defType=dismax&rows=10000} hits=3 status=0 QTime=2 
Aug 17, 2012 1:45:59 AM org.apache.solr.core.SolrCore execute
INFO: [] webapp=/solr path=/select params={mm=1&fl=*+score&start=0&q=مصر+سوره+هندسه+سوريا+مصر&qf=page_title_text&wt=ruby&fq=type:SolarPage&defType=dismax&rows=10000} hits=26 status=0 QTime=13 
Aug 17, 2012 1:48:52 AM org.apache.solr.core.SolrCore execute
INFO: [] webapp=/solr path=/select params={mm=1&fl=*+score&start=0&q=مصر+سوره+هندسه+مصر+سوريا&qf=page_title_text&wt=ruby&fq=type:SolarPage&defType=dismax&rows=10000} hits=26 status=0 QTime=6 
Aug 17, 2012 1:49:20 AM org.apache.solr.core.SolrCore execute
INFO: [] webapp=/solr path=/select params={mm=1&fl=*+score&start=0&q=تطبيقات+تفاعليه+السودان&qf=page_title_text&wt=ruby&fq=type:SolarPage&defType=dismax&rows=10000} hits=12 status=0 QTime=4 
Aug 17, 2012 1:50:00 AM org.apache.solr.core.SolrCore execute
INFO: [] webapp=/solr path=/select params={mm=1&fl=*+score&start=0&q=تطبيقات+تفاعليه&qf=page_title_text&wt=ruby&fq=type:SolarPage&defType=dismax&rows=10000} hits=3 status=0 QTime=1 
Aug 17, 2012 1:50:11 AM org.apache.solr.core.SolrCore execute
INFO: [] webapp=/solr path=/select params={mm=1&fl=*+score&start=0&q=بلبلبلبلب&qf=page_title_text&wt=ruby&fq=type:SolarPage&defType=dismax&rows=10000} hits=0 status=0 QTime=4 
Aug 17, 2012 1:50:56 AM org.apache.solr.core.SolrCore execute
INFO: [] webapp=/solr path=/select params={mm=1&fl=*+score&start=0&q=بلبلبلبلب&qf=page_title_text&wt=ruby&fq=type:SolarPage&defType=dismax&rows=10000} hits=0 status=0 QTime=2 
Aug 17, 2012 1:51:02 AM org.apache.solr.core.SolrCore execute
INFO: [] webapp=/solr path=/select params={mm=1&fl=*+score&start=0&q=تطبيقات+تفاعليه&qf=page_title_text&wt=ruby&fq=type:SolarPage&defType=dismax&rows=10000} hits=3 status=0 QTime=2 
Aug 17, 2012 1:51:05 AM org.apache.solr.core.SolrCore execute
INFO: [] webapp=/solr path=/select params={mm=1&fl=*+score&start=0&q=بلبلبلبلب&qf=page_title_text&wt=ruby&fq=type:SolarPage&defType=dismax&rows=10000} hits=0 status=0 QTime=1 
